# JRE version: Java(TM) SE Runtime Environment (23.0.1+11) (build 23.0.1+11-39)
# Java VM: Java HotSpot(TM) 64-Bit Server VM (23.0.1+11-39, mixed mode, sharing, tiered, compressed oops, compressed class ptrs, g1 gc, linux-amd64)
Heap:
 garbage-first heap   total reserved 4067328K, committed 829440K, used 531430K [0x0000000707c00000, 0x0000000800000000)
  region size 2048K, 28 young (57344K), 10 survivors (20480K)
 Metaspace       used 23796K, committed 24128K, reserved 1114112K
  class space    used 3176K, committed 3328K, reserved 1048576K
GC Heap History (20 events):
Event: 7,201 GC heap before
{Heap before GC invocations=2 (full 0):
 garbage-first heap   total reserved 4067328K, committed 258048K, used 98503K [0x0000000707c00000, 0x0000000800000000)
  region size 2048K, 30 young (61440K), 2 survivors (4096K)
 Metaspace       used 20958K, committed 21248K, reserved 1114112K
  class space    used 2987K, committed 3136K, reserved 1048576K
}
Event: 7,206 GC heap after
{Heap after GC invocations=3 (full 0):
 garbage-first heap   total reserved 4067328K, committed 258048K, used 47447K [0x0000000707c00000, 0x0000000800000000)
  region size 2048K, 4 young (8192K), 4 survivors (8192K)
 Metaspace       used 20958K, committed 21248K, reserved 1114112K
  class space    used 2987K, committed 3136K, reserved 1048576K
}
Event: 7,986 GC heap before
{Heap before GC invocations=3 (full 0):
 garbage-first heap   total reserved 4067328K, committed 258048K, used 145751K [0x0000000707c00000, 0x0000000800000000)
  region size 2048K, 6 young (12288K), 4 survivors (8192K)
 Metaspace       used 21263K, committed 21504K, reserved 1114112K
  class space    used 3071K, committed 3200K, reserved 1048576K
}
Event: 7,990 GC heap after
{Heap after GC invocations=4 (full 0):
 garbage-first heap   total reserved 4067328K, committed 258048K, used 144920K [0x0000000707c00000, 0x0000000800000000)
  region size 2048K, 3 young (6144K), 3 survivors (6144K)
 Metaspace       used 21263K, committed 21504K, reserved 1114112K
  class space    used 3071K, committed 3200K, reserved 1048576K
}
Event: 79,416 GC heap before
{Heap before GC invocations=5 (full 0):
 garbage-first heap   total reserved 4067328K, committed 258048K, used 200216K [0x0000000707c00000, 0x0000000800000000)
  region size 2048K, 31 young (63488K), 3 survivors (6144K)
 Metaspace       used 22949K, committed 23232K, reserved 1114112K
  class space    used 3138K, committed 3264K, reserved 1048576K
}
Event: 79,419 GC heap after
{Heap after GC invocations=6 (full 0):
 garbage-first heap   total reserved 4067328K, committed 258048K, used 148235K [0x0000000707c00000, 0x0000000800000000)
  region size 2048K, 3 young (6144K), 3 survivors (6144K)
 Metaspace       used 22949K, committed 23232K, reserved 1114112K
  class space    used 3138K, committed 3264K, reserved 1048576K
}
Event: 148,187 GC heap before
{Heap before GC invocations=6 (full 0):
 garbage-first heap   total reserved 4067328K, committed 354304K, used 320267K [0x0000000707c00000, 0x0000000800000000)
  region size 2048K, 34 young (69632K), 3 survivors (6144K)
 Metaspace       used 23476K, committed 23808K, reserved 1114112K
  class space    used 3164K, committed 3328K, reserved 1048576K
}
Event: 148,191 GC heap after
{Heap after GC invocations=7 (full 0):
 garbage-first heap   total reserved 4067328K, committed 354304K, used 264475K [0x0000000707c00000, 0x0000000800000000)
  region size 2048K, 5 young (10240K), 5 survivors (10240K)
 Metaspace       used 23476K, committed 23808K, reserved 1114112K
  class space    used 3164K, committed 3328K, reserved 1048576K
}
Event: 149,545 GC heap before
{Heap before GC invocations=7 (full 0):
 garbage-first heap   total reserved 4067328K, committed 354304K, used 266523K [0x0000000707c00000, 0x0000000800000000)
  region size 2048K, 7 young (14336K), 5 survivors (10240K)
 Metaspace       used 23484K, committed 23808K, reserved 1114112K
  class space    used 3164K, committed 3328K, reserved 1048576K
}
Event: 149,548 GC heap after
{Heap after GC invocations=8 (full 0):
 garbage-first heap   total reserved 4067328K, committed 354304K, used 266012K [0x0000000707c00000, 0x0000000800000000)
  region size 2048K, 1 young (2048K), 1 survivors (2048K)
 Metaspace       used 23484K, committed 23808K, reserved 1114112K
  class space    used 3164K, committed 3328K, reserved 1048576K
}
Event: 149,885 GC heap before
{Heap before GC invocations=9 (full 0):
 garbage-first heap   total reserved 4067328K, committed 458752K, used 274204K [0x0000000707c00000, 0x0000000800000000)
  region size 2048K, 3 young (6144K), 1 survivors (2048K)
 Metaspace       used 23517K, committed 23872K, reserved 1114112K
  class space    used 3170K, committed 3328K, reserved 1048576K
}
Event: 149,886 GC heap after
{Heap after GC invocations=10 (full 0):
 garbage-first heap   total reserved 4067328K, committed 458752K, used 272557K [0x0000000707c00000, 0x0000000800000000)
  region size 2048K, 1 young (2048K), 1 survivors (2048K)
 Metaspace       used 23517K, committed 23872K, reserved 1114112K
  class space    used 3170K, committed 3328K, reserved 1048576K
}
Event: 151,425 GC heap before
{Heap before GC invocations=11 (full 0):
 garbage-first heap   total reserved 4067328K, committed 458752K, used 274605K [0x0000000707c00000, 0x0000000800000000)
  region size 2048K, 3 young (6144K), 1 survivors (2048K)
 Metaspace       used 23519K, committed 23872K, reserved 1114112K
  class space    used 3170K, committed 3328K, reserved 1048576K
}
Event: 151,427 GC heap after
{Heap after GC invocations=12 (full 0):
 garbage-first heap   total reserved 4067328K, committed 458752K, used 272583K [0x0000000707c00000, 0x0000000800000000)
  region size 2048K, 1 young (2048K), 1 survivors (2048K)
 Metaspace       used 23519K, committed 23872K, reserved 1114112K
  class space    used 3170K, committed 3328K, reserved 1048576K
}
Event: 160,156 GC heap before
{Heap before GC invocations=13 (full 0):
 garbage-first heap   total reserved 4067328K, committed 618496K, used 389319K [0x0000000707c00000, 0x0000000800000000)
  region size 2048K, 12 young (24576K), 1 survivors (2048K)
 Metaspace       used 23589K, committed 23936K, reserved 1114112K
  class space    used 3170K, committed 3328K, reserved 1048576K
}
Event: 160,159 GC heap after
{Heap after GC invocations=14 (full 0):
 garbage-first heap   total reserved 4067328K, committed 618496K, used 374548K [0x0000000707c00000, 0x0000000800000000)
  region size 2048K, 4 young (8192K), 4 survivors (8192K)
 Metaspace       used 23589K, committed 23936K, reserved 1114112K
  class space    used 3170K, committed 3328K, reserved 1048576K
}
Event: 160,910 GC heap before
{Heap before GC invocations=15 (full 0):
 garbage-first heap   total reserved 4067328K, committed 788480K, used 470804K [0x0000000707c00000, 0x0000000800000000)
  region size 2048K, 5 young (10240K), 4 survivors (8192K)
 Metaspace       used 23591K, committed 23936K, reserved 1114112K
  class space    used 3170K, committed 3328K, reserved 1048576K
}
Event: 160,913 GC heap after
{Heap after GC invocations=16 (full 0):
 garbage-first heap   total reserved 4067328K, committed 788480K, used 472125K [0x0000000707c00000, 0x0000000800000000)
  region size 2048K, 5 young (10240K), 5 survivors (10240K)
 Metaspace       used 23591K, committed 23936K, reserved 1114112K
  class space    used 3170K, committed 3328K, reserved 1048576K
}
Event: 193,612 GC heap before
{Heap before GC invocations=17 (full 0):
 garbage-first heap   total reserved 4067328K, committed 802816K, used 523325K [0x0000000707c00000, 0x0000000800000000)
  region size 2048K, 28 young (57344K), 5 survivors (10240K)
 Metaspace       used 23699K, committed 24000K, reserved 1114112K
  class space    used 3171K, committed 3328K, reserved 1048576K
}
Event: 193,616 GC heap after
{Heap after GC invocations=18 (full 0):
 garbage-first heap   total reserved 4067328K, committed 802816K, used 488422K [0x0000000707c00000, 0x0000000800000000)
  region size 2048K, 10 young (20480K), 10 survivors (20480K)
 Metaspace       used 23699K, committed 24000K, reserved 1114112K
  class space    used 3171K, committed 3328K, reserved 1048576K
}

